2024-12-18 01:27:18,465 [INFO] Activator:176 - 


2024-12-18 01:27:18,468 [INFO] Activator:177 - !SESSION log4j initialized
2024-12-18 01:27:20,690 [INFO] LogOutputStream:77 - [STDOUT_REDIRECT] 
2024-12-18 01:27:26,708 [INFO] ApplicationProperties:184 - Using Application install path: C:\ST\STM32CubeIDE_1.16.1\STM32CubeIDE\plugins\com.st.stm32cube.common.mx_6.13.0.202411220809
2024-12-18 01:27:26,722 [INFO] DbMcusXml:78 - Set database path to: C:\ST\STM32CubeIDE_1.16.1\STM32CubeIDE\plugins\com.st.stm32cube.common.mx_6.13.0.202411220809\\db\/mcu/
2024-12-18 01:27:26,722 [INFO] ApiDb:274 - Set plugin database path to: C:\ST\STM32CubeIDE_1.16.1\STM32CubeIDE\plugins\com.st.stm32cube.common.mx_6.13.0.202411220809\\db\/plugins/boardmanager/
2024-12-18 01:27:26,723 [WARN] ApiDb:259 - Overriding images path with different value:  => C:\ST\STM32CubeIDE_1.16.1\STM32CubeIDE\plugins\com.st.stm32cube.common.mx_6.13.0.202411220809\\db\/plugins/mcufinder/images/
2024-12-18 01:27:26,727 [INFO] ApiDb:250 - Set database path to: C:\Users\maxou\.stmcufinder\plugins\mcufinder//mcu/
2024-12-18 01:27:26,728 [INFO] DbMcusAds:125 - Set database path to: C:\Users\maxou\.stmcufinder\plugins\mcufinder//mcu/
2024-12-18 01:27:26,730 [INFO] CrossReferenceDbSqlite:203 - Set database path to: C:\Users\maxou\.stmcufinder\plugins\mcufinder//mcu/cs/
2024-12-18 01:27:26,825 [INFO] RulesReader:64 - Compatibility file has been processed (297 Rules)
2024-12-18 01:27:26,882 [INFO] DbMcusXml:78 - Set database path to: C:\ST\STM32CubeIDE_1.16.1\STM32CubeIDE\plugins\com.st.stm32cube.common.mx_6.13.0.202411220809\\db\/mcu/
2024-12-18 01:27:26,882 [INFO] ApiDb:274 - Set plugin database path to: C:\ST\STM32CubeIDE_1.16.1\STM32CubeIDE\plugins\com.st.stm32cube.common.mx_6.13.0.202411220809\\db\/plugins/boardmanager/
2024-12-18 01:27:26,882 [INFO] ApiDb:261 - Set plugin images path to: C:\ST\STM32CubeIDE_1.16.1\STM32CubeIDE\plugins\com.st.stm32cube.common.mx_6.13.0.202411220809\\db\/plugins/mcufinder/images/
2024-12-18 01:27:26,883 [WARN] DbFile:41 - Overriding database path with different value: C:\Users\maxou\.stmcufinder\plugins\mcufinder/ => C:\Users\maxou\.stmcufinder\plugins\mcufinder
2024-12-18 01:27:26,883 [INFO] ApiDb:250 - Set database path to: C:\Users\maxou\.stmcufinder\plugins\mcufinder//mcu/
2024-12-18 01:27:26,883 [WARN] DbFile:41 - Overriding database path with different value: C:\Users\maxou\.stmcufinder\plugins\mcufinder/ => C:\Users\maxou\.stmcufinder\plugins\mcufinder
2024-12-18 01:27:26,883 [INFO] DbMcusAds:125 - Set database path to: C:\Users\maxou\.stmcufinder\plugins\mcufinder//mcu/
2024-12-18 01:27:26,883 [WARN] DbFile:41 - Overriding database path with different value: C:\Users\maxou\.stmcufinder\plugins\mcufinder/ => C:\Users\maxou\.stmcufinder\plugins\mcufinder
2024-12-18 01:27:26,883 [WARN] DbFile:41 - Overriding database path with different value: C:\Users\maxou\.stmcufinder\plugins\mcufinder/ => C:\Users\maxou\.stmcufinder\plugins\mcufinder
2024-12-18 01:27:26,884 [INFO] CrossReferenceDbSqlite:203 - Set database path to: C:\Users\maxou\.stmcufinder\plugins\mcufinder//mcu/cs/
2024-12-18 01:27:26,939 [INFO] MainPanel:272 - HeapMemory: 268435456
2024-12-18 01:27:26,999 [INFO] DbMcusXml:78 - Set database path to: C:\ST\STM32CubeIDE_1.16.1\STM32CubeIDE\plugins\com.st.stm32cube.common.mx_6.13.0.202411220809\\db\/mcu/
2024-12-18 01:27:26,999 [INFO] ApiDb:274 - Set plugin database path to: C:\ST\STM32CubeIDE_1.16.1\STM32CubeIDE\plugins\com.st.stm32cube.common.mx_6.13.0.202411220809\\db\/plugins/boardmanager/
2024-12-18 01:27:26,999 [INFO] ApiDb:261 - Set plugin images path to: C:\ST\STM32CubeIDE_1.16.1\STM32CubeIDE\plugins\com.st.stm32cube.common.mx_6.13.0.202411220809\\db\/plugins/mcufinder/images/
2024-12-18 01:27:27,000 [WARN] DbFile:41 - Overriding database path with different value: C:\Users\maxou\.stmcufinder\plugins\mcufinder/ => C:\Users\maxou\.stmcufinder\plugins\mcufinder
2024-12-18 01:27:27,000 [INFO] ApiDb:250 - Set database path to: C:\Users\maxou\.stmcufinder\plugins\mcufinder//mcu/
2024-12-18 01:27:27,000 [WARN] DbFile:41 - Overriding database path with different value: C:\Users\maxou\.stmcufinder\plugins\mcufinder/ => C:\Users\maxou\.stmcufinder\plugins\mcufinder
2024-12-18 01:27:27,000 [INFO] DbMcusAds:125 - Set database path to: C:\Users\maxou\.stmcufinder\plugins\mcufinder//mcu/
2024-12-18 01:27:27,000 [WARN] DbFile:41 - Overriding database path with different value: C:\Users\maxou\.stmcufinder\plugins\mcufinder/ => C:\Users\maxou\.stmcufinder\plugins\mcufinder
2024-12-18 01:27:27,000 [WARN] DbFile:41 - Overriding database path with different value: C:\Users\maxou\.stmcufinder\plugins\mcufinder/ => C:\Users\maxou\.stmcufinder\plugins\mcufinder
2024-12-18 01:27:27,000 [INFO] CrossReferenceDbSqlite:203 - Set database path to: C:\Users\maxou\.stmcufinder\plugins\mcufinder//mcu/cs/
2024-12-18 01:27:27,013 [INFO] ApplicationProperties:184 - Using Application install path: C:\ST\STM32CubeIDE_1.16.1\STM32CubeIDE\plugins\com.st.stm32cube.common.mx_6.13.0.202411220809
2024-12-18 01:27:27,014 [INFO] PluginManage:196 - Search for loadable plugins [exclusion list=, ]
2024-12-18 01:27:27,015 [INFO] PluginManage:310 - Check plugin analytics
2024-12-18 01:27:27,151 [INFO] AnalyticsPlugin:253 - Accepted Software Licenses: 
2024-12-18 01:27:27,151 [INFO] AnalyticsPlugin:255 - Accepted CMSIS Pack Licenses: 
2024-12-18 01:27:27,152 [INFO] AnalyticsPlugin:257 - Accepted Firmware Licenses: 
2024-12-18 01:27:27,154 [INFO] PluginManage:359 - Loaded plugin analytics (category:tool,tabindex:-1)
2024-12-18 01:27:27,154 [INFO] PluginManage:310 - Check plugin cadmodel
2024-12-18 01:27:27,158 [INFO] CADModel:105 - Init CAD model plugin
2024-12-18 01:27:27,158 [INFO] PluginManage:359 - Loaded plugin cadmodel (category:power,tabindex:5)
2024-12-18 01:27:27,158 [INFO] PluginManage:310 - Check plugin clock
2024-12-18 01:27:27,165 [INFO] PluginManage:359 - Loaded plugin clock (category:base,tabindex:2)
2024-12-18 01:27:27,165 [INFO] PluginManage:310 - Check plugin ddr
2024-12-18 01:27:27,167 [INFO] PluginManage:359 - Loaded plugin ddr (category:tool,tabindex:6)
2024-12-18 01:27:27,168 [INFO] PluginManage:310 - Check plugin filemanager
2024-12-18 01:27:27,322 [INFO] PluginManage:359 - Loaded plugin filemanager (category:base,tabindex:10)
2024-12-18 01:27:27,323 [INFO] PluginManage:310 - Check plugin ipmanager
2024-12-18 01:27:27,329 [INFO] PluginManage:359 - Loaded plugin ipmanager (category:base,tabindex:5)
2024-12-18 01:27:27,329 [INFO] PluginManage:310 - Check plugin lpbam
2024-12-18 01:27:27,336 [INFO] PluginManage:359 - Loaded plugin lpbam (category:base,tabindex:0)
2024-12-18 01:27:27,336 [INFO] PluginManage:310 - Check plugin memorymap
2024-12-18 01:27:27,345 [INFO] PluginManage:359 - Loaded plugin memorymap (category:base,tabindex:4)
2024-12-18 01:27:27,346 [INFO] PluginManage:310 - Check plugin pinoutandconfiguration
2024-12-18 01:27:27,352 [INFO] PluginManage:359 - Loaded plugin pinoutandconfiguration (category:base,tabindex:1)
2024-12-18 01:27:27,352 [INFO] PluginManage:310 - Check plugin pinoutconfig
2024-12-18 01:27:27,413 [WARN] SupportedApi:132 - Cannot load RTOS API schema: s4s-elt-must-match.1: The content of 'definitions' must match (annotation?, (simpleType | complexType)?, (unique | key | keyref)*)). A problem was found starting at: attribute.
2024-12-18 01:27:27,505 [INFO] PluginManage:359 - Loaded plugin pinoutconfig (category:base,tabindex:0)
2024-12-18 01:27:27,505 [INFO] PluginManage:310 - Check plugin power
2024-12-18 01:27:27,510 [INFO] PluginManage:359 - Loaded plugin power (category:power,tabindex:4)
2024-12-18 01:27:27,510 [INFO] PluginManage:310 - Check plugin projectmanager
2024-12-18 01:27:27,522 [INFO] PluginManage:359 - Loaded plugin projectmanager (category:projectmanager,tabindex:4)
2024-12-18 01:27:27,522 [INFO] PluginManage:310 - Check plugin rif
2024-12-18 01:27:27,526 [INFO] PluginManage:359 - Loaded plugin rif (category:base,tabindex:3)
2024-12-18 01:27:27,527 [INFO] PluginManage:310 - Check plugin thirdparty
2024-12-18 01:27:27,614 [INFO] PluginManage:359 - Loaded plugin thirdparty (category:base,tabindex:-1)
2024-12-18 01:27:27,614 [WARN] IntegrityCheckThread:84 - waiting for thirdparty lock release [integrity check]
2024-12-18 01:27:27,615 [INFO] PluginManage:310 - Check plugin tools
2024-12-18 01:27:27,615 [INFO] IntegrityCheckThread:86 - entering critical section [integrity check]
2024-12-18 01:27:27,615 [INFO] ThirdPartyUpdaterWithRetryManager:70 - Updater plugin not ready yet. [1/15]
2024-12-18 01:27:27,617 [INFO] PluginManage:359 - Loaded plugin tools (category:base,tabindex:7)
2024-12-18 01:27:27,617 [INFO] PluginManage:310 - Check plugin tutovideos
2024-12-18 01:27:27,721 [INFO] PluginManage:359 - Loaded plugin tutovideos (category:base,tabindex:-1)
2024-12-18 01:27:27,721 [INFO] PluginManage:310 - Check plugin updater
2024-12-18 01:27:27,736 [INFO] PluginManage:359 - Loaded plugin updater (category:base,tabindex:12)
2024-12-18 01:27:27,736 [INFO] PluginManage:310 - Check plugin userauth
2024-12-18 01:27:27,738 [INFO] UserAuth:118 - Init User Auth plugin
2024-12-18 01:27:27,739 [INFO] PluginManage:359 - Loaded plugin userauth (category:base,tabindex:14)
2024-12-18 01:27:27,739 [INFO] PluginManage:283 - PluginManage : Loaded plugins [18]
2024-12-18 01:27:27,891 [INFO] PinOutPanel:1589 - setPackage(No Configuration,No Configuration)
2024-12-18 01:27:27,950 [INFO] CADModel:165 - CPN selected for project level
2024-12-18 01:27:27,951 [INFO] CADModel:114 - Register for checkConnection events
2024-12-18 01:27:27,961 [INFO] IPUIPlugin:80 - create IPUIPlugin
2024-12-18 01:27:27,962 [INFO] PluginManager:220 - loadIPPluginJar : add adc
2024-12-18 01:27:27,963 [INFO] IPUIPlugin:80 - create IPUIPlugin
2024-12-18 01:27:27,963 [INFO] PluginManager:220 - loadIPPluginJar : add aes
2024-12-18 01:27:27,965 [INFO] IPUIPlugin:80 - create IPUIPlugin
2024-12-18 01:27:27,965 [INFO] PluginManager:220 - loadIPPluginJar : add can
2024-12-18 01:27:27,966 [INFO] IPUIPlugin:80 - create IPUIPlugin
2024-12-18 01:27:27,966 [INFO] PluginManager:220 - loadIPPluginJar : add comp
2024-12-18 01:27:27,968 [INFO] IPUIPlugin:80 - create IPUIPlugin
2024-12-18 01:27:27,968 [INFO] PluginManager:220 - loadIPPluginJar : add cryp
2024-12-18 01:27:27,972 [INFO] IPUIPlugin:80 - create IPUIPlugin
2024-12-18 01:27:27,972 [INFO] PluginManager:220 - loadIPPluginJar : add ddr_ctrl_phy
2024-12-18 01:27:27,974 [INFO] IPUIPlugin:80 - create IPUIPlugin
2024-12-18 01:27:27,974 [INFO] PluginManager:220 - loadIPPluginJar : add dfsdm
2024-12-18 01:27:27,977 [INFO] IPUIPlugin:80 - create IPUIPlugin
2024-12-18 01:27:27,978 [INFO] PluginManager:220 - loadIPPluginJar : add dma
2024-12-18 01:27:27,980 [INFO] IPUIPlugin:80 - create IPUIPlugin
2024-12-18 01:27:27,980 [INFO] PluginManager:220 - loadIPPluginJar : add dma3
2024-12-18 01:27:27,982 [INFO] IPUIPlugin:80 - create IPUIPlugin
2024-12-18 01:27:27,982 [INFO] PluginManager:220 - loadIPPluginJar : add extmemmanager
2024-12-18 01:27:27,983 [INFO] IPUIPlugin:80 - create IPUIPlugin
2024-12-18 01:27:27,983 [INFO] PluginManager:220 - loadIPPluginJar : add fatfs
2024-12-18 01:27:27,987 [INFO] IPUIPlugin:80 - create IPUIPlugin
2024-12-18 01:27:27,987 [INFO] PluginManager:220 - loadIPPluginJar : add fmc
2024-12-18 01:27:27,991 [INFO] IPUIPlugin:80 - create IPUIPlugin
2024-12-18 01:27:27,992 [INFO] PluginManager:220 - loadIPPluginJar : add freertos
2024-12-18 01:27:27,993 [INFO] IPUIPlugin:80 - create IPUIPlugin
2024-12-18 01:27:27,993 [INFO] PluginManager:220 - loadIPPluginJar : add genericplugin
2024-12-18 01:27:27,994 [INFO] IPUIPlugin:80 - create IPUIPlugin
2024-12-18 01:27:27,994 [INFO] PluginManager:220 - loadIPPluginJar : add gfxmmu
2024-12-18 01:27:27,997 [INFO] IPUIPlugin:80 - create IPUIPlugin
2024-12-18 01:27:27,997 [INFO] PluginManager:220 - loadIPPluginJar : add gic
2024-12-18 01:27:28,000 [INFO] IPUIPlugin:80 - create IPUIPlugin
2024-12-18 01:27:28,001 [INFO] PluginManager:220 - loadIPPluginJar : add gpio
2024-12-18 01:27:28,003 [INFO] IPUIPlugin:80 - create IPUIPlugin
2024-12-18 01:27:28,003 [INFO] PluginManager:220 - loadIPPluginJar : add gtzc
2024-12-18 01:27:28,005 [INFO] IPUIPlugin:80 - create IPUIPlugin
2024-12-18 01:27:28,005 [INFO] PluginManager:220 - loadIPPluginJar : add hash
2024-12-18 01:27:28,006 [INFO] IPUIPlugin:80 - create IPUIPlugin
2024-12-18 01:27:28,006 [INFO] PluginManager:220 - loadIPPluginJar : add i2c
2024-12-18 01:27:28,008 [INFO] IPUIPlugin:80 - create IPUIPlugin
2024-12-18 01:27:28,008 [INFO] PluginManager:220 - loadIPPluginJar : add i2s
2024-12-18 01:27:28,010 [INFO] IPUIPlugin:80 - create IPUIPlugin
2024-12-18 01:27:28,010 [INFO] PluginManager:220 - loadIPPluginJar : add i3c
2024-12-18 01:27:28,012 [INFO] IPUIPlugin:80 - create IPUIPlugin
2024-12-18 01:27:28,012 [INFO] PluginManager:220 - loadIPPluginJar : add ipddr
2024-12-18 01:27:28,016 [INFO] IPUIPlugin:80 - create IPUIPlugin
2024-12-18 01:27:28,017 [INFO] PluginManager:220 - loadIPPluginJar : add linkedlist
2024-12-18 01:27:28,019 [INFO] IPUIPlugin:80 - create IPUIPlugin
2024-12-18 01:27:28,020 [INFO] PluginManager:220 - loadIPPluginJar : add lorawan
2024-12-18 01:27:28,022 [INFO] IPUIPlugin:80 - create IPUIPlugin
2024-12-18 01:27:28,022 [INFO] PluginManager:220 - loadIPPluginJar : add ltdc
2024-12-18 01:27:28,026 [INFO] IPUIPlugin:80 - create IPUIPlugin
2024-12-18 01:27:28,027 [INFO] PluginManager:220 - loadIPPluginJar : add mdma
2024-12-18 01:27:28,029 [INFO] IPUIPlugin:80 - create IPUIPlugin
2024-12-18 01:27:28,029 [INFO] PluginManager:220 - loadIPPluginJar : add nvic
2024-12-18 01:27:28,032 [INFO] IPUIPlugin:80 - create IPUIPlugin
2024-12-18 01:27:28,032 [INFO] PluginManager:220 - loadIPPluginJar : add opamp
2024-12-18 01:27:28,037 [INFO] IPUIPlugin:80 - create IPUIPlugin
2024-12-18 01:27:28,037 [INFO] PluginManager:220 - loadIPPluginJar : add openamp
2024-12-18 01:27:28,040 [INFO] IPUIPlugin:80 - create IPUIPlugin
2024-12-18 01:27:28,040 [INFO] PluginManager:220 - loadIPPluginJar : add pdm2pcm
2024-12-18 01:27:28,045 [INFO] IPUIPlugin:80 - create IPUIPlugin
2024-12-18 01:27:28,048 [INFO] PluginManager:220 - loadIPPluginJar : add plateformsettings
2024-12-18 01:27:28,049 [INFO] IPUIPlugin:80 - create IPUIPlugin
2024-12-18 01:27:28,049 [INFO] PluginManager:220 - loadIPPluginJar : add quadspi
2024-12-18 01:27:28,052 [INFO] IPUIPlugin:80 - create IPUIPlugin
2024-12-18 01:27:28,053 [INFO] PluginManager:220 - loadIPPluginJar : add radio
2024-12-18 01:27:28,057 [INFO] IPUIPlugin:80 - create IPUIPlugin
2024-12-18 01:27:28,057 [INFO] PluginManager:220 - loadIPPluginJar : add resmgrutility
2024-12-18 01:27:28,060 [INFO] IPUIPlugin:80 - create IPUIPlugin
2024-12-18 01:27:28,060 [INFO] PluginManager:220 - loadIPPluginJar : add sai
2024-12-18 01:27:28,063 [INFO] IPUIPlugin:80 - create IPUIPlugin
2024-12-18 01:27:28,063 [INFO] PluginManager:220 - loadIPPluginJar : add spi
2024-12-18 01:27:28,068 [INFO] IPUIPlugin:80 - create IPUIPlugin
2024-12-18 01:27:28,068 [INFO] PluginManager:220 - loadIPPluginJar : add stm32_wpan
2024-12-18 01:27:28,070 [INFO] IPUIPlugin:80 - create IPUIPlugin
2024-12-18 01:27:28,070 [INFO] PluginManager:220 - loadIPPluginJar : add tim
2024-12-18 01:27:28,073 [INFO] IPUIPlugin:80 - create IPUIPlugin
2024-12-18 01:27:28,073 [INFO] PluginManager:220 - loadIPPluginJar : add touchsensing
2024-12-18 01:27:28,075 [INFO] IPUIPlugin:80 - create IPUIPlugin
2024-12-18 01:27:28,075 [INFO] PluginManager:220 - loadIPPluginJar : add tracer_emb
2024-12-18 01:27:28,076 [INFO] IPUIPlugin:80 - create IPUIPlugin
2024-12-18 01:27:28,076 [INFO] PluginManager:220 - loadIPPluginJar : add ts
2024-12-18 01:27:28,078 [INFO] IPUIPlugin:80 - create IPUIPlugin
2024-12-18 01:27:28,078 [INFO] PluginManager:220 - loadIPPluginJar : add tsc
2024-12-18 01:27:28,080 [INFO] IPUIPlugin:80 - create IPUIPlugin
2024-12-18 01:27:28,080 [INFO] PluginManager:220 - loadIPPluginJar : add ucpd
2024-12-18 01:27:28,083 [INFO] IPUIPlugin:80 - create IPUIPlugin
2024-12-18 01:27:28,083 [INFO] PluginManager:220 - loadIPPluginJar : add usart
2024-12-18 01:27:28,086 [INFO] IPUIPlugin:80 - create IPUIPlugin
2024-12-18 01:27:28,086 [INFO] PluginManager:220 - loadIPPluginJar : add usbx
2024-12-18 01:27:28,210 [FATAL] Updater:351 - Updater called before beeing initialized
2024-12-18 01:27:28,231 [INFO] RulesReader:64 - Compatibility file has been processed (297 Rules)
2024-12-18 01:27:28,239 [INFO] RulesReader:64 - Compatibility file has been processed (297 Rules)
2024-12-18 01:27:28,245 [INFO] CADModel:165 - CPN selected for project level
2024-12-18 01:27:28,245 [INFO] CADModel:114 - Register for checkConnection events
2024-12-18 01:27:28,245 [FATAL] Updater:351 - Updater called before beeing initialized
2024-12-18 01:27:28,245 [ERROR] CADModel:125 - Updater not yet initialized, retry later 
2024-12-18 01:27:28,446 [FATAL] Updater:351 - Updater called before beeing initialized
2024-12-18 01:27:28,449 [INFO] CADModel:165 - CPN selected for project level
2024-12-18 01:27:28,449 [INFO] CADModel:114 - Register for checkConnection events
2024-12-18 01:27:28,449 [FATAL] Updater:351 - Updater called before beeing initialized
2024-12-18 01:27:28,449 [ERROR] CADModel:125 - Updater not yet initialized, retry later 
2024-12-18 01:27:28,453 [FATAL] Updater:351 - Updater called before beeing initialized
2024-12-18 01:27:28,569 [FATAL] Updater:351 - Updater called before beeing initialized
2024-12-18 01:27:28,572 [INFO] DbMcusAds:53 - JSON generation date=Fri Sep 20 15:04:23 CEST 2024 (1726837463113)
2024-12-18 01:27:28,573 [FATAL] Updater:351 - Updater called before beeing initialized
2024-12-18 01:27:28,598 [WARN] DetailPanel:346 - Failed to get advertising image, set to default
2024-12-18 01:27:28,803 [FATAL] Updater:351 - Updater called before beeing initialized
2024-12-18 01:27:28,804 [FATAL] Updater:351 - Updater called before beeing initialized
2024-12-18 01:27:28,804 [FATAL] Updater:351 - Updater called before beeing initialized
2024-12-18 01:27:28,804 [WARN] DetailPanel:346 - Failed to get advertising image, set to default
2024-12-18 01:27:28,805 [FATAL] Updater:351 - Updater called before beeing initialized
